Started GET "/" for ::1 at 2022-03-15 22:30:36 +0100
  [1m[36mActiveRecord::SchemaMigration Pluck (9.0ms)[0m  [1m[34mSELECT "schema_migrations"."version" FROM "schema_migrations" ORDER BY "schema_migrations"."version" ASC[0m
Processing by FoodsController#index as HTML
  Rendering layout layouts/application.html.erb
  Rendering foods/index.html.erb within layouts/application
  [1m[36mFood Load (24.6ms)[0m  [1m[34mSELECT "foods".* FROM "foods"[0m
  ↳ app/views/foods/index.html.erb:6
  Rendered foods/index.html.erb within layouts/application (Duration: 38.4ms | Allocations: 5585)
  Rendered layout layouts/application.html.erb (Duration: 267.2ms | Allocations: 100379)
Completed 200 OK in 310ms (Views: 253.3ms | ActiveRecord: 24.6ms | Allocations: 108308)


Started GET "/foods/new" for ::1 at 2022-03-15 22:30:40 +0100
Processing by FoodsController#new as HTML
  Rendering layout layouts/application.html.erb
  Rendering foods/new.html.erb within layouts/application
  Rendered foods/_form.html.erb (Duration: 39.0ms | Allocations: 6856)
  Rendered foods/new.html.erb within layouts/application (Duration: 41.2ms | Allocations: 7237)
  Rendered layout layouts/application.html.erb (Duration: 46.9ms | Allocations: 9452)
Completed 200 OK in 329ms (Views: 47.9ms | ActiveRecord: 218.6ms | Allocations: 15222)


Started GET "/foods" for ::1 at 2022-03-15 22:30:42 +0100
Processing by FoodsController#index as HTML
  Rendering layout layouts/application.html.erb
  Rendering foods/index.html.erb within layouts/application
  [1m[36mFood Load (0.4ms)[0m  [1m[34mSELECT "foods".* FROM "foods"[0m
  ↳ app/views/foods/index.html.erb:6
  Rendered foods/index.html.erb within layouts/application (Duration: 17.7ms | Allocations: 809)
  Rendered layout layouts/application.html.erb (Duration: 31.0ms | Allocations: 2922)
Completed 200 OK in 44ms (Views: 35.8ms | ActiveRecord: 0.4ms | Allocations: 3312)


